\BOOKMARK [0][-]{section*.2}{\376\377\000C\000a\000n\000\040\000A\000I\000\040\000A\000g\000e\000n\000t\000s\000\040\000R\000e\000p\000l\000i\000c\000a\000t\000e\000\040\000Q\000u\000a\000n\000t\000u\000m\000\040\000C\000o\000m\000p\000u\000t\000i\000n\000g\000\040\000E\000x\000p\000e\000r\000i\000m\000e\000n\000t\000s\000?\000A\000\040\000S\000y\000s\000t\000e\000m\000a\000t\000i\000c\000\040\000C\000r\000o\000s\000s\000-\000P\000l\000a\000t\000f\000o\000r\000m\000\040\000S\000t\000u\000d\000y}{}% 2
\BOOKMARK [1][-]{section*.1}{\376\377\000A\000b\000s\000t\000r\000a\000c\000t}{section*.2}% 1
\BOOKMARK [1][-]{section*.3}{\376\377\000I\000n\000t\000r\000o\000d\000u\000c\000t\000i\000o\000n}{section*.2}% 3
\BOOKMARK [1][-]{section*.4}{\376\377\000M\000e\000t\000h\000o\000d\000s}{section*.2}% 4
\BOOKMARK [2][-]{section*.5}{\376\377\000A\000I\000\040\000A\000g\000e\000n\000t\000\040\000A\000r\000c\000h\000i\000t\000e\000c\000t\000u\000r\000e}{section*.4}% 5
\BOOKMARK [2][-]{section*.6}{\376\377\000R\000e\000p\000l\000i\000c\000a\000t\000i\000o\000n\000\040\000P\000i\000p\000e\000l\000i\000n\000e}{section*.4}% 6
\BOOKMARK [2][-]{section*.7}{\376\377\000P\000a\000p\000e\000r\000\040\000S\000e\000l\000e\000c\000t\000i\000o\000n}{section*.4}% 7
\BOOKMARK [2][-]{section*.8}{\376\377\000H\000a\000r\000d\000w\000a\000r\000e\000\040\000P\000l\000a\000t\000f\000o\000r\000m\000s}{section*.4}% 8
\BOOKMARK [2][-]{section*.9}{\376\377\000C\000l\000a\000i\000m\000\040\000E\000x\000t\000r\000a\000c\000t\000i\000o\000n\000\040\000a\000n\000d\000\040\000E\000v\000a\000l\000u\000a\000t\000i\000o\000n}{section*.4}% 9
\BOOKMARK [2][-]{section*.10}{\376\377\000R\000e\000p\000r\000o\000d\000u\000c\000i\000n\000g\000\040\000T\000h\000i\000s\000\040\000W\000o\000r\000k}{section*.4}% 10
\BOOKMARK [1][-]{section*.11}{\376\377\000C\000r\000o\000s\000s\000-\000P\000l\000a\000t\000f\000o\000r\000m\000\040\000C\000h\000a\000r\000a\000c\000t\000e\000r\000i\000z\000a\000t\000i\000o\000n}{section*.2}% 11
\BOOKMARK [2][-]{section*.12}{\376\377\000B\000e\000l\000l\000\040\000S\000t\000a\000t\000e\000\040\000T\000o\000m\000o\000g\000r\000a\000p\000h\000y}{section*.11}% 12
\BOOKMARK [2][-]{section*.13}{\376\377\000G\000H\000Z\000\040\000S\000c\000a\000l\000i\000n\000g}{section*.11}% 13
\BOOKMARK [2][-]{section*.14}{\376\377\000Q\000u\000a\000n\000t\000u\000m\000\040\000V\000o\000l\000u\000m\000e}{section*.11}% 14
\BOOKMARK [1][-]{section*.15}{\376\377\000R\000e\000p\000l\000i\000c\000a\000t\000i\000o\000n\000\040\000R\000e\000s\000u\000l\000t\000s}{section*.2}% 15
\BOOKMARK [2][-]{section*.16}{\376\377\000V\000Q\000E\000\040\000R\000e\000p\000l\000i\000c\000a\000t\000i\000o\000n\000s}{section*.15}% 16
\BOOKMARK [2][-]{section*.17}{\376\377\000Q\000u\000a\000n\000t\000u\000m\000\040\000V\000o\000l\000u\000m\000e\000\040\000a\000n\000d\000\040\000R\000a\000n\000d\000o\000m\000i\000z\000e\000d\000\040\000B\000e\000n\000c\000h\000m\000a\000r\000k\000i\000n\000g}{section*.15}% 17
\BOOKMARK [2][-]{section*.18}{\376\377\000Q\000A\000O\000A\000\040\000R\000e\000p\000l\000i\000c\000a\000t\000i\000o\000n}{section*.15}% 18
\BOOKMARK [2][-]{section*.19}{\376\377\000M\000i\000t\000i\000g\000a\000t\000i\000o\000n\000\040\000T\000e\000c\000h\000n\000i\000q\000u\000e\000\040\000R\000a\000n\000k\000i\000n\000g}{section*.15}% 19
\BOOKMARK [2][-]{section*.20}{\376\377\000H\000y\000b\000r\000i\000d\000\040\000P\000S\000+\000R\000E\000M\000\040\000o\000n\000\040\000T\000u\000n\000a\000-\0009}{section*.15}% 20
\BOOKMARK [2][-]{section*.21}{\376\377\000K\000i\000m\000\040\000e\000t\000\040\000a\000l\000.\000\040\000\050\0002\0000\0002\0003\000\051\000:\000\040\000U\000t\000i\000l\000i\000t\000y\000-\000S\000c\000a\000l\000e\000\040\000C\000i\000r\000c\000u\000i\000t\000s}{section*.15}% 21
\BOOKMARK [1][-]{section*.22}{\376\377\000F\000a\000i\000l\000u\000r\000e\000\040\000T\000a\000x\000o\000n\000o\000m\000y}{section*.2}% 22
\BOOKMARK [1][-]{section*.23}{\376\377\000D\000i\000s\000c\000u\000s\000s\000i\000o\000n}{section*.2}% 23
\BOOKMARK [2][-]{section*.24}{\376\377\000W\000h\000a\000t\000\040\000R\000e\000p\000l\000i\000c\000a\000t\000i\000o\000n\000\040\000G\000a\000p\000s\000\040\000R\000e\000v\000e\000a\000l}{section*.23}% 24
\BOOKMARK [2][-]{section*.25}{\376\377\000C\000r\000o\000s\000s\000-\000P\000l\000a\000t\000f\000o\000r\000m\000\040\000I\000n\000s\000i\000g\000h\000t\000s}{section*.23}% 25
\BOOKMARK [2][-]{section*.26}{\376\377\000A\000I\000\040\000a\000s\000\040\000R\000e\000p\000l\000i\000c\000a\000t\000i\000o\000n\000\040\000I\000n\000f\000r\000a\000s\000t\000r\000u\000c\000t\000u\000r\000e}{section*.23}% 26
\BOOKMARK [2][-]{section*.27}{\376\377\000Z\000N\000E\000\040\000I\000n\000e\000f\000f\000e\000c\000t\000i\000v\000e\000n\000e\000s\000s\000\040\000o\000n\000\040\000T\000u\000n\000a\000-\0009}{section*.23}% 27
\BOOKMARK [1][-]{section*.28}{\376\377\000C\000o\000n\000c\000l\000u\000s\000i\000o\000n}{section*.2}% 28
\BOOKMARK [1][-]{section*.29}{\376\377\000D\000a\000t\000a\000\040\000A\000v\000a\000i\000l\000a\000b\000i\000l\000i\000t\000y}{section*.2}% 29
\BOOKMARK [1][-]{section*.30}{\376\377\000A\000c\000k\000n\000o\000w\000l\000e\000d\000g\000m\000e\000n\000t\000s}{section*.2}% 30
\BOOKMARK [1][-]{section*.31}{\376\377\000R\000e\000f\000e\000r\000e\000n\000c\000e\000s}{section*.2}% 31
